<?xml version="1.0" encoding="UTF-8"?>
<testng-results skipped="0" failed="0" ignored="0" total="1" passed="1">
  <reporter-output>
  </reporter-output>
  <suite name="Default suite" duration-ms="6077" started-at="2019-10-13T06:20:43Z" finished-at="2019-10-13T06:20:49Z">
    <groups>
    </groups>
    <test name="Default test" duration-ms="6077" started-at="2019-10-13T06:20:43Z" finished-at="2019-10-13T06:20:49Z">
      <class name="testCase.TestAssessment">
        <test-method status="PASS" signature="setUp()[pri:0, instance:testCase.TestAssessment@4cc0edeb]" name="setUp" is-config="true" duration-ms="5305" started-at="2019-10-13T17:20:43Z" finished-at="2019-10-13T17:20:48Z">
          <reporter-output>
          </reporter-output>
        </test-method> <!-- setUp -->
        <test-method status="PASS" signature="verifyHomePage()[pri:0, instance:testCase.TestAssessment@4cc0edeb]" name="verifyHomePage" duration-ms="733" started-at="2019-10-13T17:20:48Z" finished-at="2019-10-13T17:20:49Z">
          <reporter-output>
          </reporter-output>
        </test-method> <!-- verifyHomePage -->
        <test-method status="PASS" signature="tearDown()[pri:0, instance:testCase.TestAssessment@4cc0edeb]" name="tearDown" is-config="true" duration-ms="21" started-at="2019-10-13T17:20:49Z" finished-at="2019-10-13T17:20:49Z">
          <reporter-output>
          </reporter-output>
        </test-method> <!-- tearDown -->
      </class> <!-- testCase.TestAssessment -->
    </test> <!-- Default test -->
  </suite> <!-- Default suite -->
</testng-results>
